<?xml version="1.0" encoding="UTF-8"?>
<!-- Generated by org.testng.reporters.JUnitXMLReporter -->
<testsuite ignored="0" hostname="win2019" failures="0" tests="3" name="Default test" time="43.671" errors="0" timestamp="2024-08-21T03:52:46 PDT">
  <testcase classname="com.locators1.DemoLocators1" name="ExId" time="16.953"/>
  <testcase classname="com.locators1.DemoLocators1" name="WebElementsEnabled" time="14.43"/>
  <testcase classname="com.locators1.DemoLocators1" name="WebElementsSelected" time="12.239"/>
</testsuite> <!-- Default test -->
