<?xml version="1.0" encoding="UTF-8"?>
<testng-results ignored="0" total="1" passed="1" failed="0" skipped="0">
  <reporter-output>
  </reporter-output>
  <suite started-at="2024-08-21T23:13:51 PDT" name="Default suite" finished-at="2024-08-21T23:14:23 PDT" duration-ms="32319">
    <groups>
    </groups>
    <test started-at="2024-08-21T23:13:51 PDT" name="Default test" finished-at="2024-08-21T23:14:23 PDT" duration-ms="32319">
      <class name="com.locators1.Link_text_and_partial_link_text">
        <test-method is-config="true" signature="Setup()[pri:0, instance:com.locators1.Link_text_and_partial_link_text@5876a9af]" started-at="2024-08-21T23:13:51 PDT" name="Setup" finished-at="2024-08-21T23:13:53 PDT" duration-ms="2356" status="PASS">
          <reporter-output>
          </reporter-output>
        </test-method> <!-- Setup -->
        <test-method signature="Partial_link_text()[pri:0, instance:com.locators1.Link_text_and_partial_link_text@5876a9af]" started-at="2024-08-21T23:13:53 PDT" name="Partial_link_text" finished-at="2024-08-21T23:14:23 PDT" duration-ms="29922" status="PASS">
          <reporter-output>
          </reporter-output>
        </test-method> <!-- Partial_link_text -->
      </class> <!-- com.locators1.Link_text_and_partial_link_text -->
    </test> <!-- Default test -->
  </suite> <!-- Default suite -->
</testng-results>
